#
# There is insufficient memory for the Java Runtime Environment to continue.
# Native memory allocation (malloc) failed to allocate 881936 bytes for Chunk::new
# Possible reasons:
#   The system is out of physical RAM or swap space
#   The process is running with CompressedOops enabled, and the Java Heap may be blocking the growth of the native heap
# Possible solutions:
#   Reduce memory load on the system
#   Increase physical memory or swap space
#   Check if swap backing store is full
#   Decrease Java heap size (-Xmx/-Xms)
#   Decrease number of Java threads
#   Decrease Java thread stack sizes (-Xss)
#   Set larger code cache with -XX:ReservedCodeCacheSize=
#   JVM is running with Unscaled Compressed Oops mode in which the Java heap is
#     placed in the first 4GB address space. The Java Heap base address is the
#     maximum limit for the native heap growth. Please use -XX:HeapBaseMinAddress
#     to set the Java Heap base and to place the Java Heap above 4GB virtual address.
# This output file may be truncated or incomplete.
#
#  Out of Memory Error (allocation.cpp:389), pid=9280, tid=0x0000000000000504
#
# JRE version: OpenJDK Runtime Environment (8.0_242-b01) (build 1.8.0_242-release-1644-b01)
# Java VM: OpenJDK 64-Bit Server VM (25.242-b01 mixed mode windows-amd64 compressed oops)
# Failed to write core dump. Minidumps are not enabled by default on client versions of Windows
#

---------------  T H R E A D  ---------------

Current thread (0x00000000169cc000):  JavaThread "C2 CompilerThread1" daemon [_thread_in_native, id=1284, stack(0x0000000018120000,0x0000000018220000)]

Stack: [0x0000000018120000,0x0000000018220000]
[error occurred during error reporting (printing stack bounds), id 0xc0000005]

Native frames: (J=compiled Java code, j=interpreted, Vv=VM code, C=native code)


Current CompileTask:
C2:  51929 4642       4       org.gradle.model.internal.type.ModelType::wrap (219 bytes)


---------------  P R O C E S S  ---------------

Java Threads: ( => current thread )
  0x000000001b439800 JavaThread "Memory manager" [_thread_blocked, id=7412, stack(0x0000000020570000,0x0000000020670000)]
  0x000000001b435000 JavaThread "pool-1-thread-1" [_thread_blocked, id=12644, stack(0x0000000020270000,0x0000000020370000)]
  0x000000001b438800 JavaThread "build operations Thread 4" [_thread_blocked, id=3532, stack(0x000000001fd70000,0x000000001fe70000)]
  0x00000000193d2800 JavaThread "build operations Thread 3" [_thread_blocked, id=10648, stack(0x000000001fc70000,0x000000001fd70000)]
  0x00000000193d8800 JavaThread "build operations Thread 2" [_thread_blocked, id=8020, stack(0x000000001fb70000,0x000000001fc70000)]
  0x00000000193d4800 JavaThread "build operations" [_thread_blocked, id=11860, stack(0x000000001f700000,0x000000001f800000)]
  0x00000000193d6000 JavaThread "Cache worker for Artifact transforms cache (C:\Users\yuri_\.gradle\caches\transforms-1)" [_thread_blocked, id=8944, stack(0x000000001e130000,0x000000001e230000)]
  0x000000001b584800 JavaThread "Cache worker for file hash cache (C:\Users\yuri_\AndroidStudioProjects\ProjectTaxiLivre\.gradle\4.4\fileHashes)" [_thread_blocked, id=3808, stack(0x000000001d530000,0x000000001d630000)]
  0x000000001b7ac800 JavaThread "File lock request listener" [_thread_in_native, id=3580, stack(0x000000001c460000,0x000000001c560000)]
  0x000000001836d000 JavaThread "Cache worker for file hash cache (C:\Users\yuri_\.gradle\caches\4.4\fileHashes)" [_thread_blocked, id=5760, stack(0x000000001c360000,0x000000001c460000)]
  0x00000000182ca000 JavaThread "Stdin handler" [_thread_blocked, id=12328, stack(0x000000001b090000,0x000000001b190000)]
  0x0000000018948800 JavaThread "Asynchronous log dispatcher for DefaultDaemonConnection: socket connection from /127.0.0.1:58199 to /127.0.0.1:58200" [_thread_blocked, id=3572, stack(0x000000001af90000,0x000000001b090000)]
  0x0000000018bae800 JavaThread "Daemon worker" [_thread_in_vm, id=4944, stack(0x000000001ae90000,0x000000001af90000)]
  0x0000000018bad800 JavaThread "Cancel handler" [_thread_blocked, id=2924, stack(0x000000001ad90000,0x000000001ae90000)]
  0x000000001841e000 JavaThread "Handler for socket connection from /127.0.0.1:58199 to /127.0.0.1:58200" [_thread_in_native, id=13008, stack(0x000000001aa90000,0x000000001ab90000)]
  0x0000000018438800 JavaThread "Daemon" [_thread_blocked, id=7360, stack(0x000000001a990000,0x000000001aa90000)]
  0x000000001972c000 JavaThread "Daemon periodic checks" [_thread_blocked, id=4588, stack(0x000000001a890000,0x000000001a990000)]
  0x0000000019733800 JavaThread "Incoming local TCP Connector on port 58199" [_thread_in_native, id=5472, stack(0x000000001a630000,0x000000001a730000)]
  0x0000000018249800 JavaThread "Service Thread" daemon [_thread_blocked, id=4552, stack(0x0000000018720000,0x0000000018820000)]
  0x0000000016a19000 JavaThread "C1 CompilerThread2" daemon [_thread_blocked, id=11292, stack(0x0000000018620000,0x0000000018720000)]
=>0x00000000169cc000 JavaThread "C2 CompilerThread1" daemon [_thread_in_native, id=1284, stack(0x0000000018120000,0x0000000018220000)]
  0x00000000169c3800 JavaThread "C2 CompilerThread0" daemon [_thread_in_native, id=11096, stack(0x0000000018020000,0x0000000018120000)]
  0x00000000169c2800 JavaThread "Attach Listener" daemon [_thread_blocked, id=12732, stack(0x0000000017f20000,0x0000000018020000)]
  0x00000000169c7000 JavaThread "Signal Dispatcher" daemon [_thread_blocked, id=8976, stack(0x0000000017e20000,0x0000000017f20000)]
  0x000000000304d000 JavaThread "Finalizer" daemon [_thread_blocked, id=4564, stack(0x0000000017c10000,0x0000000017d10000)]
  0x00000000169a9000 JavaThread "Reference Handler" daemon [_thread_blocked, id=10736, stack(0x0000000017b10000,0x0000000017c10000)]
  0x0000000002f52800 JavaThread "main" [_thread_blocked, id=8364, stack(0x0000000002e50000,0x0000000002f50000)]

Other Threads:
  0x0000000016986800 VMThread [stack: 0x0000000017a10000,0x0000000017b10000] [id=9372]
  0x000000001824a000 WatcherThread [stack: 0x0000000018820000,0x0000000018920000] [id=11568]

VM state:not at safepoint (normal execution)

VM Mutex/Monitor currently owned by a thread: None

heap address: 0x00000000a0000000, size: 1536 MB, Compressed Oops mode: 32-bit
Narrow klass base: 0x0000000000000000, Narrow klass shift: 3
Compressed class space size: 1073741824 Address: 0x0000000100000000

Heap:
 PSYoungGen      total 192512K, used 85193K [0x00000000e0000000, 0x00000000f0480000, 0x0000000100000000)
  eden space 182272K, 46% used [0x00000000e0000000,0x00000000e5332588,0x00000000eb200000)
  from space 10240K, 0% used [0x00000000eb200000,0x00000000eb200000,0x00000000ebc00000)
  to   space 10752K, 0% used [0x00000000efa00000,0x00000000efa00000,0x00000000f0480000)
 ParOldGen       total 66560K, used 19536K [0x00000000a0000000, 0x00000000a4100000, 0x00000000e0000000)
  object space 66560K, 29% used [0x00000000a0000000,0x00000000a1314100,0x00000000a4100000)
 Metaspace       used 42356K, capacity 43402K, committed 43608K, reserved 1087488K
  class space    used 5659K, capacity 5944K, committed 5976K, reserved 1048576K

Card table byte_map: [0x0000000012410000,0x0000000012720000] byte_map_base: 0x0000000011f10000

Marking Bits: (ParMarkBitMap*) 0x000000006cb0f030
 Begin Bits: [0x0000000012d20000, 0x0000000014520000)
 End Bits:   [0x0000000014520000, 0x0000000015d20000)

Polling page: 0x00000000015c0000

CodeCache: size=245760Kb used=14298Kb max_used=14298Kb free=231462Kb
 bounds [0x0000000003050000, 0x0000000003e60000, 0x0000000012050000]
 total_blobs=4898 nmethods=4178 adapters=633
 compilation: enabled

Compilation events (10 events):
Event: 51.905 Thread 0x0000000016a19000 4801  s    3       java.io.ByteArrayInputStream::skip (43 bytes)
Event: 51.906 Thread 0x0000000016a19000 nmethod 4801 0x0000000003e44310 code [0x0000000003e44480, 0x0000000003e447f0]
Event: 51.906 Thread 0x0000000016a19000 4802       3       java.io.InputStream::read (9 bytes)
Event: 51.906 Thread 0x0000000016a19000 nmethod 4802 0x0000000003e43ed0 code [0x0000000003e44040, 0x0000000003e44268]
Event: 51.907 Thread 0x0000000016a19000 4803       3       sun.util.calendar.BaseCalendar::getFixedDate (324 bytes)
Event: 51.910 Thread 0x0000000016a19000 nmethod 4803 0x0000000003e4cb10 code [0x0000000003e4ce00, 0x0000000003e4eff0]
Event: 51.910 Thread 0x0000000016a19000 4804       3       java.lang.CharacterDataLatin1::isWhitespace (23 bytes)
Event: 51.911 Thread 0x0000000016a19000 nmethod 4804 0x0000000003e439d0 code [0x0000000003e43b40, 0x0000000003e43d90]
Event: 51.925 Thread 0x0000000016a19000 4805       3       java.math.MutableBigInteger::mulsub (110 bytes)
Event: 51.925 Thread 0x0000000016a19000 nmethod 4805 0x0000000003e504d0 code [0x0000000003e50640, 0x0000000003e50950]

GC Heap History (10 events):
Event: 37.058 GC heap before
{Heap before GC invocations=15 (full 1):
 PSYoungGen      total 86528K, used 83008K [0x00000000e0000000, 0x00000000e8780000, 0x0000000100000000)
  eden space 76800K, 100% used [0x00000000e0000000,0x00000000e4b00000,0x00000000e4b00000)
  from space 9728K, 63% used [0x00000000e4b00000,0x00000000e5110050,0x00000000e5480000)
  to   space 9728K, 0% used [0x00000000e7e00000,0x00000000e7e00000,0x00000000e8780000)
 ParOldGen       total 46592K, used 23185K [0x00000000a0000000, 0x00000000a2d80000, 0x00000000e0000000)
  object space 46592K, 49% used [0x00000000a0000000,0x00000000a16a45c0,0x00000000a2d80000)
 Metaspace       used 29197K, capacity 29788K, committed 30080K, reserved 1075200K
  class space    used 3955K, capacity 4115K, committed 4224K, reserved 1048576K
Event: 37.073 GC heap after
Heap after GC invocations=15 (full 1):
 PSYoungGen      total 126976K, used 4928K [0x00000000e0000000, 0x00000000e8600000, 0x0000000100000000)
  eden space 118784K, 0% used [0x00000000e0000000,0x00000000e0000000,0x00000000e7400000)
  from space 8192K, 60% used [0x00000000e7e00000,0x00000000e82d0010,0x00000000e8600000)
  to   space 9216K, 0% used [0x00000000e7400000,0x00000000e7400000,0x00000000e7d00000)
 ParOldGen       total 46592K, used 29073K [0x00000000a0000000, 0x00000000a2d80000, 0x00000000e0000000)
  object space 46592K, 62% used [0x00000000a0000000,0x00000000a1c64600,0x00000000a2d80000)
 Metaspace       used 29197K, capacity 29788K, committed 30080K, reserved 1075200K
  class space    used 3955K, capacity 4115K, committed 4224K, reserved 1048576K
}
Event: 38.618 GC heap before
{Heap before GC invocations=16 (full 1):
 PSYoungGen      total 126976K, used 123712K [0x00000000e0000000, 0x00000000e8600000, 0x0000000100000000)
  eden space 118784K, 100% used [0x00000000e0000000,0x00000000e7400000,0x00000000e7400000)
  from space 8192K, 60% used [0x00000000e7e00000,0x00000000e82d0010,0x00000000e8600000)
  to   space 9216K, 0% used [0x00000000e7400000,0x00000000e7400000,0x00000000e7d00000)
 ParOldGen       total 46592K, used 29073K [0x00000000a0000000, 0x00000000a2d80000, 0x00000000e0000000)
  object space 46592K, 62% used [0x00000000a0000000,0x00000000a1c64600,0x00000000a2d80000)
 Metaspace       used 29202K, capacity 29788K, committed 30080K, reserved 1075200K
  class space    used 3955K, capacity 4115K, committed 4224K, reserved 1048576K
Event: 38.645 GC heap after
Heap after GC invocations=16 (full 1):
 PSYoungGen      total 128000K, used 7136K [0x00000000e0000000, 0x00000000ec700000, 0x0000000100000000)
  eden space 118784K, 0% used [0x00000000e0000000,0x00000000e0000000,0x00000000e7400000)
  from space 9216K, 77% used [0x00000000e7400000,0x00000000e7af8010,0x00000000e7d00000)
  to   space 9728K, 0% used [0x00000000ebd80000,0x00000000ebd80000,0x00000000ec700000)
 ParOldGen       total 46592K, used 33185K [0x00000000a0000000, 0x00000000a2d80000, 0x00000000e0000000)
  object space 46592K, 71% used [0x00000000a0000000,0x00000000a2068610,0x00000000a2d80000)
 Metaspace       used 29202K, capacity 29788K, committed 30080K, reserved 1075200K
  class space    used 3955K, capacity 4115K, committed 4224K, reserved 1048576K
}
Event: 42.746 GC heap before
{Heap before GC invocations=17 (full 1):
 PSYoungGen      total 128000K, used 125920K [0x00000000e0000000, 0x00000000ec700000, 0x0000000100000000)
  eden space 118784K, 100% used [0x00000000e0000000,0x00000000e7400000,0x00000000e7400000)
  from space 9216K, 77% used [0x00000000e7400000,0x00000000e7af8010,0x00000000e7d00000)
  to   space 9728K, 0% used [0x00000000ebd80000,0x00000000ebd80000,0x00000000ec700000)
 ParOldGen       total 46592K, used 33185K [0x00000000a0000000, 0x00000000a2d80000, 0x00000000e0000000)
  object space 46592K, 71% used [0x00000000a0000000,0x00000000a2068610,0x00000000a2d80000)
 Metaspace       used 33928K, capacity 34738K, committed 35072K, reserved 1079296K
  class space    used 4621K, capacity 4780K, committed 4864K, reserved 1048576K
Event: 42.757 GC heap after
Heap after GC invocations=17 (full 1):
 PSYoungGen      total 190976K, used 8562K [0x00000000e0000000, 0x00000000ec600000, 0x0000000100000000)
  eden space 182272K, 0% used [0x00000000e0000000,0x00000000e0000000,0x00000000eb200000)
  from space 8704K, 98% used [0x00000000ebd80000,0x00000000ec5dcb90,0x00000000ec600000)
  to   space 10240K, 0% used [0x00000000eb200000,0x00000000eb200000,0x00000000ebc00000)
 ParOldGen       total 46592K, used 33217K [0x00000000a0000000, 0x00000000a2d80000, 0x00000000e0000000)
  object space 46592K, 71% used [0x00000000a0000000,0x00000000a2070610,0x00000000a2d80000)
 Metaspace       used 33928K, capacity 34738K, committed 35072K, reserved 1079296K
  class space    used 4621K, capacity 4780K, committed 4864K, reserved 1048576K
}
Event: 47.876 GC heap before
{Heap before GC invocations=18 (full 1):
 PSYoungGen      total 190976K, used 33217K [0x00000000e0000000, 0x00000000ec600000, 0x0000000100000000)
  eden space 182272K, 13% used [0x00000000e0000000,0x00000000e1813b00,0x00000000eb200000)
  from space 8704K, 98% used [0x00000000ebd80000,0x00000000ec5dcb90,0x00000000ec600000)
  to   space 10240K, 0% used [0x00000000eb200000,0x00000000eb200000,0x00000000ebc00000)
 ParOldGen       total 46592K, used 33217K [0x00000000a0000000, 0x00000000a2d80000, 0x00000000e0000000)
  object space 46592K, 71% used [0x00000000a0000000,0x00000000a2070610,0x00000000a2d80000)
 Metaspace       used 34476K, capacity 35344K, committed 35416K, reserved 1079296K
  class space    used 4688K, capacity 4917K, committed 4952K, reserved 1048576K
Event: 47.886 GC heap after
Heap after GC invocations=18 (full 1):
 PSYoungGen      total 192512K, used 1746K [0x00000000e0000000, 0x00000000f0480000, 0x0000000100000000)
  eden space 182272K, 0% used [0x00000000e0000000,0x00000000e0000000,0x00000000eb200000)
  from space 10240K, 17% used [0x00000000eb200000,0x00000000eb3b4b50,0x00000000ebc00000)
  to   space 10752K, 0% used [0x00000000efa00000,0x00000000efa00000,0x00000000f0480000)
 ParOldGen       total 46592K, used 37949K [0x00000000a0000000, 0x00000000a2d80000, 0x00000000e0000000)
  object space 46592K, 81% used [0x00000000a0000000,0x00000000a250f6b0,0x00000000a2d80000)
 Metaspace       used 34476K, capacity 35344K, committed 35416K, reserved 1079296K
  class space    used 4688K, capacity 4917K, committed 4952K, reserved 1048576K
}
Event: 47.886 GC heap before
{Heap before GC invocations=19 (full 2):
 PSYoungGen      total 192512K, used 1746K [0x00000000e0000000, 0x00000000f0480000, 0x0000000100000000)
  eden space 182272K, 0% used [0x00000000e0000000,0x00000000e0000000,0x00000000eb200000)
  from space 10240K, 17% used [0x00000000eb200000,0x00000000eb3b4b50,0x00000000ebc00000)
  to   space 10752K, 0% used [0x00000000efa00000,0x00000000efa00000,0x00000000f0480000)
 ParOldGen       total 46592K, used 37949K [0x00000000a0000000, 0x00000000a2d80000, 0x00000000e0000000)
  object space 46592K, 81% used [0x00000000a0000000,0x00000000a250f6b0,0x00000000a2d80000)
 Metaspace       used 34476K, capacity 35344K, committed 35416K, reserved 1079296K
  class space    used 4688K, capacity 4917K, committed 4952K, reserved 1048576K
Event: 47.962 GC heap after
Heap after GC invocations=19 (full 2):
 PSYoungGen      total 192512K, used 0K [0x00000000e0000000, 0x00000000f0480000, 0x0000000100000000)
  eden space 182272K, 0% used [0x00000000e0000000,0x00000000e0000000,0x00000000eb200000)
  from space 10240K, 0% used [0x00000000eb200000,0x00000000eb200000,0x00000000ebc00000)
  to   space 10752K, 0% used [0x00000000efa00000,0x00000000efa00000,0x00000000f0480000)
 ParOldGen       total 66560K, used 19536K [0x00000000a0000000, 0x00000000a4100000, 0x00000000e0000000)
  object space 66560K, 29% used [0x00000000a0000000,0x00000000a1314100,0x00000000a4100000)
 Metaspace       used 34412K, capacity 35220K, committed 35416K, reserved 1079296K
  class space    used 4670K, capacity 4897K, committed 4952K, reserved 1048576K
}

Deoptimization events (10 events):
Event: 51.239 Thread 0x0000000018bae800 Uncommon trap: reason=unstable_if action=reinterpret pc=0x00000000033129bc method=java.util.HashMap.resize()[Ljava/util/HashMap$Node; @ 206
Event: 51.415 Thread 0x0000000018bae800 Uncommon trap: reason=unstable_if action=reinterpret pc=0x000000000358aab0 method=java.lang.reflect.Modifier.toString(I)Ljava/lang/String; @ 123
Event: 51.415 Thread 0x0000000018bae800 Uncommon trap: reason=unstable_if action=reinterpret pc=0x0000000003590b6c method=java.lang.reflect.Modifier.toString(I)Ljava/lang/String; @ 123
Event: 51.817 Thread 0x0000000018bae800 Uncommon trap: reason=unstable_if action=reinterpret pc=0x0000000003509b68 method=java.util.jar.JarFile.maybeInstantiateVerifier()V @ 75
Event: 51.818 Thread 0x0000000018bae800 Uncommon trap: reason=unstable_if action=reinterpret pc=0x00000000031e26cc method=java.util.jar.Attributes$Name.isDigit(C)Z @ 3
Event: 51.837 Thread 0x0000000018bae800 Uncommon trap: reason=unstable_if action=reinterpret pc=0x000000000386680c method=java.lang.ThreadLocal.get()Ljava/lang/Object; @ 11
Event: 51.908 Thread 0x0000000018bae800 Uncommon trap: reason=class_check action=maybe_recompile pc=0x00000000038ec3f4 method=java.security.MessageDigest$Delegate.engineDigest()[B @ 4
Event: 51.909 Thread 0x0000000018bae800 Uncommon trap: reason=unstable_if action=reinterpret pc=0x00000000034f05fc method=java.lang.CharacterDataLatin1.isWhitespace(I)Z @ 14
Event: 51.924 Thread 0x0000000018bae800 Uncommon trap: reason=class_check action=maybe_recompile pc=0x00000000035b4514 method=java.security.MessageDigest$Delegate.engineUpdate([BII)V @ 7
Event: 51.924 Thread 0x0000000018bae800 Uncommon trap: reason=class_check action=maybe_recompile pc=0x00000000038ec3f4 method=java.security.MessageDigest$Delegate.engineDigest()[B @ 4

Classes redefined (0 events):
No events

Internal exceptions (10 events):
Event: 48.009 Thread 0x0000000018bae800 Exception <a 'java/lang/ClassNotFoundException': org/gradle/api/internal/ConventionTaskCustomizer> (0x00000000e0328020) thrown at [C:\src\AOSP-openjdk-git\hotspot\src\share\vm\classfile\systemDictionary.cpp, line 210]
Event: 48.012 Thread 0x0000000018bae800 Exception <a 'java/lang/ClassNotFoundException': org/gradle/api/tasks/DeleteCustomizer> (0x00000000e035f888) thrown at [C:\src\AOSP-openjdk-git\hotspot\src\share\vm\classfile\systemDictionary.cpp, line 210]
Event: 48.015 Thread 0x0000000018bae800 Exception <a 'java/lang/ClassNotFoundException': org/gradle/api/tasks/Delete_DecoratedCustomizer> (0x00000000e03a4b68) thrown at [C:\src\AOSP-openjdk-git\hotspot\src\share\vm\classfile\systemDictionary.cpp, line 210]
Event: 48.499 Thread 0x0000000018bae800 Exception <a 'java/lang/ClassNotFoundException': build_in5uhdji3avbjcx7uk7bo59rBeanInfo> (0x00000000e04cc3c8) thrown at [C:\src\AOSP-openjdk-git\hotspot\src\share\vm\classfile\systemDictionary.cpp, line 210]
Event: 48.500 Thread 0x0000000018bae800 Exception <a 'java/lang/ClassNotFoundException': build_in5uhdji3avbjcx7uk7bo59rCustomizer> (0x00000000e04d6850) thrown at [C:\src\AOSP-openjdk-git\hotspot\src\share\vm\classfile\systemDictionary.cpp, line 210]
Event: 49.522 Thread 0x0000000018bae800 Implicit null exception at 0x0000000003d9259f to 0x0000000003d98d65
Event: 49.522 Thread 0x0000000018bae800 Implicit null exception at 0x0000000003cc5015 to 0x0000000003cc52fd
Event: 49.730 Thread 0x0000000018bae800 Exception <a 'sun/nio/fs/WindowsException'> (0x00000000e14035c8) thrown at [C:\src\AOSP-openjdk-git\hotspot\src\share\vm\prims\jni.cpp, line 710]
Event: 50.796 Thread 0x0000000018bae800 Exception <a 'sun/nio/fs/WindowsException'> (0x00000000e2092078) thrown at [C:\src\AOSP-openjdk-git\hotspot\src\share\vm\prims\jni.cpp, line 710]
Event: 51.837 Thread 0x0000000018bae800 Implicit null exception at 0x0000000003866768 to 0x00000000038667f9

Events (10 events):
Event: 51.923 loading class sun/security/rsa/RSACore
Event: 51.923 loading class sun/security/rsa/RSACore done
Event: 51.924 loading class sun/security/rsa/RSAPadding
Event: 51.924 loading class sun/security/rsa/RSAPadding done
Event: 51.924 Thread 0x0000000018bae800 Uncommon trap: trap_request=0xffffffde fr.pc=0x00000000035b4514
Event: 51.924 Thread 0x0000000018bae800 DEOPT PACKING pc=0x00000000035b4514 sp=0x000000001af88510
Event: 51.924 Thread 0x0000000018bae800 DEOPT UNPACKING pc=0x000000000309557b sp=0x000000001af88490 mode 2
Event: 51.924 Thread 0x0000000018bae800 Uncommon trap: trap_request=0xffffffde fr.pc=0x00000000038ec3f4
Event: 51.924 Thread 0x0000000018bae800 DEOPT PACKING pc=0x00000000038ec3f4 sp=0x000000001af884f0
Event: 51.924 Thread 0x0000000018bae800 DEOPT UNPACKING pc=0x000000000309557b sp=0x000000001af88500 mode 2


Dynamic libraries:
0x00007ff6c77c0000 - 0x00007ff6c77f1000 	C:\Program Files\Android\Android Studio\jre\bin\java.exe
0x00007ffbcb8c0000 - 0x00007ffbcbab0000 	C:\WINDOWS\SYSTEM32\ntdll.dll
0x00007ffb93e80000 - 0x00007ffb93e93000 	C:\Program Files (x86)\AVG\Antivirus\aswhook.dll
0x00007ffbca020000 - 0x00007ffbca0d2000 	C:\WINDOWS\System32\KERNEL32.DLL
0x00007ffbc8a90000 - 0x00007ffbc8d34000 	C:\WINDOWS\System32\KERNELBASE.dll
0x00007ffbca1d0000 - 0x00007ffbca273000 	C:\WINDOWS\System32\ADVAPI32.dll
0x00007ffbca990000 - 0x00007ffbcaa2e000 	C:\WINDOWS\System32\msvcrt.dll
0x00007ffbcb550000 - 0x00007ffbcb5e7000 	C:\WINDOWS\System32\sechost.dll
0x00007ffbc9a20000 - 0x00007ffbc9b40000 	C:\WINDOWS\System32\RPCRT4.dll
0x00007ffbcb210000 - 0x00007ffbcb3a4000 	C:\WINDOWS\System32\USER32.dll
0x00007ffbc8a60000 - 0x00007ffbc8a81000 	C:\WINDOWS\System32\win32u.dll
0x00007ffbcb850000 - 0x00007ffbcb876000 	C:\WINDOWS\System32\GDI32.dll
0x00007ffbc9690000 - 0x00007ffbc9825000 	C:\WINDOWS\System32\gdi32full.dll
0x00007ffbc98d0000 - 0x00007ffbc996e000 	C:\WINDOWS\System32\msvcp_win.dll
0x00007ffbc88b0000 - 0x00007ffbc89aa000 	C:\WINDOWS\System32\ucrtbase.dll
0x00007ffbbca50000 - 0x00007ffbbccd4000 	C:\WINDOWS\WinSxS\amd64_microsoft.windows.common-controls_6595b64144ccf1df_6.0.18362.900_none_e6beb9d913147d17\COMCTL32.dll
0x00007ffbca510000 - 0x00007ffbca845000 	C:\WINDOWS\System32\combase.dll
0x00007ffbc9850000 - 0x00007ffbc98d0000 	C:\WINDOWS\System32\bcryptPrimitives.dll
0x00007ffbca140000 - 0x00007ffbca16e000 	C:\WINDOWS\System32\IMM32.DLL
0x000000006c000000 - 0x000000006c0d2000 	C:\Program Files\Android\Android Studio\jre\jre\bin\msvcr100.dll
0x000000006c340000 - 0x000000006cb8b000 	C:\Program Files\Android\Android Studio\jre\jre\bin\server\jvm.dll
0x00007ffbca500000 - 0x00007ffbca508000 	C:\WINDOWS\System32\PSAPI.DLL
0x00007ffbb9130000 - 0x00007ffbb9139000 	C:\WINDOWS\SYSTEM32\WSOCK32.dll
0x00007ffbcb3b0000 - 0x00007ffbcb41f000 	C:\WINDOWS\System32\WS2_32.dll
0x00007ffbc6390000 - 0x00007ffbc63b4000 	C:\WINDOWS\SYSTEM32\WINMM.dll
0x00007ffbc3c40000 - 0x00007ffbc3c4a000 	C:\WINDOWS\SYSTEM32\VERSION.dll
0x00007ffbc53e0000 - 0x00007ffbc540d000 	C:\WINDOWS\SYSTEM32\WINMMBASE.dll
0x00007ffbc9640000 - 0x00007ffbc968a000 	C:\WINDOWS\System32\cfgmgr32.dll
0x00007ffbc5230000 - 0x00007ffbc523f000 	C:\Program Files\Android\Android Studio\jre\jre\bin\verify.dll
0x00007ffbbd470000 - 0x00007ffbbd499000 	C:\Program Files\Android\Android Studio\jre\jre\bin\java.dll
0x00007ffbc4840000 - 0x00007ffbc4856000 	C:\Program Files\Android\Android Studio\jre\jre\bin\zip.dll
0x00007ffbcab20000 - 0x00007ffbcb206000 	C:\WINDOWS\System32\SHELL32.dll
0x00007ffbcb7a0000 - 0x00007ffbcb849000 	C:\WINDOWS\System32\shcore.dll
0x00007ffbc8d40000 - 0x00007ffbc94c0000 	C:\WINDOWS\System32\windows.storage.dll
0x00007ffbc87b0000 - 0x00007ffbc87d3000 	C:\WINDOWS\System32\profapi.dll
0x00007ffbc87e0000 - 0x00007ffbc882a000 	C:\WINDOWS\System32\powrprof.dll
0x00007ffbc8780000 - 0x00007ffbc8790000 	C:\WINDOWS\System32\UMPDC.dll
0x00007ffbca0e0000 - 0x00007ffbca132000 	C:\WINDOWS\System32\shlwapi.dll
0x00007ffbc8790000 - 0x00007ffbc87a1000 	C:\WINDOWS\System32\kernel.appcore.dll
0x00007ffbc9830000 - 0x00007ffbc9847000 	C:\WINDOWS\System32\cryptsp.dll
0x00007ffbbdca0000 - 0x00007ffbbdcba000 	C:\Program Files\Android\Android Studio\jre\jre\bin\net.dll
0x00007ffbc7f90000 - 0x00007ffbc7ff7000 	C:\WINDOWS\system32\mswsock.dll
0x00007ffbbd420000 - 0x00007ffbbd433000 	C:\Program Files\Android\Android Studio\jre\jre\bin\nio.dll
0x00007ffbbd320000 - 0x00007ffbbd33e000 	C:\Users\yuri_\.gradle\native\25\windows-amd64\native-platform.dll
0x00007ffbc5200000 - 0x00007ffbc520d000 	C:\Program Files\Android\Android Studio\jre\jre\bin\management.dll
0x00007ffbc7b00000 - 0x00007ffbc7b33000 	C:\WINDOWS\system32\rsaenh.dll
0x00007ffbc9610000 - 0x00007ffbc9636000 	C:\WINDOWS\System32\bcrypt.dll
0x00007ffbc86a0000 - 0x00007ffbc86c5000 	C:\WINDOWS\SYSTEM32\USERENV.dll
0x00007ffbc8160000 - 0x00007ffbc816c000 	C:\WINDOWS\SYSTEM32\CRYPTBASE.dll
0x00007ffbc7ca0000 - 0x00007ffbc7cda000 	C:\WINDOWS\SYSTEM32\IPHLPAPI.DLL
0x00007ffbca290000 - 0x00007ffbca298000 	C:\WINDOWS\System32\NSI.dll
0x00007ffbc2b90000 - 0x00007ffbc2ba6000 	C:\WINDOWS\SYSTEM32\dhcpcsvc6.DLL
0x00007ffbc2bd0000 - 0x00007ffbc2bec000 	C:\WINDOWS\SYSTEM32\dhcpcsvc.DLL
0x00007ffbc7cf0000 - 0x00007ffbc7dbb000 	C:\WINDOWS\SYSTEM32\DNSAPI.dll

VM Arguments:
jvm_args: -Xmx1536m -Dfile.encoding=windows-1252 -Duser.country=BR -Duser.language=pt -Duser.variant 
java_command: org.gradle.launcher.daemon.bootstrap.GradleDaemon 4.4
java_class_path (initial): C:\Users\yuri_\.gradle\wrapper\dists\gradle-4.4-all\9br9xq1tocpiv8o6njlyu5op1\gradle-4.4\lib\gradle-launcher-4.4.jar
Launcher Type: SUN_STANDARD

Environment Variables:
JAVA_HOME=C:\Program Files\Java\jdk1.8.0_121
CLASSPATH=;C:\Program Files\Java\jdk1.8.0_121\lib;C:\Program Files\Java\jdk1.8.0_121\lib\tools.jar;C:\Program Files\Java\jdk1.8.0_121\lib\dt.jar;C:\Program Files\Java\jdk1.8.0_121\lib\htmlconverter.jar;C:\Program Files\Java\jdk1.8.0_121\jre\lib;C:\Program Files\Java\jdk1.8.0_121\jre\lib\rt.jar;
PATH=C:\app\yuri_\product\11.2.0\dbhome\bin;C:\app\yuri_\product\11.2.0\dbhome_2\bin;C:\ProgramData\Oracle\Java\javapath;C:\Program Files (x86)\Intel\iCLS Client\;C:\Program Files\Intel\iCLS Client\;C:\WINDOWS\system32;C:\WINDOWS;C:\WINDOWS\System32\Wbem;C:\WINDOWS\System32\WindowsPowerShell\v1.0\;C:\Program Files\Git\cmd;C:\Program Files (x86)\Intel\Intel(R) Management Engine Components\DAL;C:\Program Files\Intel\Intel(R) Management Engine Components\DAL;C:\Program Files (x86)\Intel\Intel(R) Management Engine Components\IPT;C:\Program Files\Intel\Intel(R) Management Engine Components\IPT;C:\Program Files\Java\jdk1.8.0_121\bin;C:\Gradle\gradle-4.3.1\bin;C:\Users\yuri_\OpenSSL\bin;C:\WINDOWS\System32\OpenSSH\;C:\Program Files\MySQL\MySQL Server 8.0\bin;C:\Program Files\apache-maven-3.6.0\bin;C:\ProgramData\chocolatey\bin;C:\Program Files (x86)\Yarn\bin\;C:\Program Files\nodejs\;C:\Users\yuri_\AppData\Local\Microsoft\WindowsApps;C:\Program Files\heroku\bin;C:\Users\yuri_\AppData\Local\Yarn\bin;C:\Users\yuri_\AppData\Local\Programs\Microsoft VS Code\bin;C:\Users\yuri_\AppData\Roaming\npm
USERNAME=yuri_
OS=Windows_NT
PROCESSOR_IDENTIFIER=Intel64 Family 6 Model 61 Stepping 4, GenuineIntel



---------------  S Y S T E M  ---------------

OS: Windows 10.0 , 64 bit Build 18362 (10.0.18362.900)

CPU:total 4 (initial active 4) (2 cores per cpu, 2 threads per core) family 6 model 61 stepping 4, cmov, cx8, fxsr, mmx, sse, sse2, sse3, ssse3, sse4.1, sse4.2, popcnt, avx, avx2, aes, clmul, erms, 3dnowpref, lzcnt, ht, tsc, tscinvbit, bmi1, bmi2, adx

Memory: 4k page, physical 8297072k(2665880k free), swap 8757872k(5196k free)

vm_info: OpenJDK 64-Bit Server VM (25.242-b01) for windows-amd64 JRE (1.8.0_242-release-1644-b01), built by "builder" with MS VC++ 10.0 (VS2010)

time: Sun Jun 28 08:46:33 2020
timezone: Hora Padrão de Buenos Aires
elapsed time: 51 seconds (0d 0h 0m 51s)

